2023-10-30 20:40:46,440 [      5]   INFO - #c.i.i.StartupUtil - ------------------------------------------------------ IDE STARTED ------------------------------------------------------
2023-10-30 20:40:46,689 [    254]   INFO - #c.i.i.StartupUtil - JNA library (64-bit) loaded in 28 ms
2023-10-30 20:40:46,730 [    295]   INFO - #c.i.i.StartupUtil - IDE: PyCharm (build #PE-222.4345.35, 26 Oct 2022 17:27)
2023-10-30 20:40:46,731 [    296]   INFO - #c.i.i.StartupUtil - OS: Linux (5.15.0-87-generic, amd64)
2023-10-30 20:40:46,732 [    297]   INFO - #c.i.i.StartupUtil - JRE: 17.0.4.1+7-b469.62 (JetBrains s.r.o.)
2023-10-30 20:40:46,733 [    298]   INFO - #c.i.i.StartupUtil - JVM: 17.0.4.1+7-b469.62 (OpenJDK 64-Bit Server VM)
2023-10-30 20:40:46,734 [    299]   INFO - #c.i.i.StartupUtil - PID: 5722
2023-10-30 20:40:46,877 [    442]   INFO - #c.i.i.StartupUtil - WM detected: Mutter (Muffin), desktop: X-Cinnamon
2023-10-30 20:40:46,878 [    443]   INFO - #c.i.i.StartupUtil - JVM options: [-Xms128m, -Xmx750m, -XX:ReservedCodeCacheSize=512m, -XX:+UseG1GC, -XX:SoftRefLRUPolicyMSPerMB=50, -XX:CICompilerCount=2, -XX:+HeapDumpOnOutOfMemoryError, -XX:-OmitStackTraceInFastThrow, -XX:+IgnoreUnrecognizedVMOptions, -XX:CompileCommand=exclude,com/intellij/openapi/vfs/impl/FilePartNodeRoot,trieDescend, -ea, -Dsun.io.useCanonCaches=false, -Dsun.java2d.metal=true, -Djbr.catch.SIGABRT=true, -Djdk.http.auth.tunneling.disabledSchemes="", -Djdk.attach.allowAttachSelf=true, -Djdk.module.illegalAccess.silent=true, -Dkotlinx.coroutines.debug=off, -Dsun.tools.attach.tmp.only=true, -XX:ErrorFile=/home/kadosh/java_error_in_pycharm_%p.log, -XX:HeapDumpPath=/home/kadosh/java_error_in_pycharm_.hprof, -Djb.vmOptionsFile=/home/kadosh/Загрузки/pycharm-edu-2022.2.2/bin/pycharm64.vmoptions, -Djava.system.class.loader=com.intellij.util.lang.PathClassLoader, -Didea.strict.classpath=true, -Didea.vendor.name=JetBrains, -Didea.paths.selector=PyCharmEdu2022.2, -Didea.platform.prefix=PyCharmEdu, -Dsplash=true, --add-opens=java.base/java.io=ALL-UNNAMED, --add-opens=java.base/java.lang=ALL-UNNAMED, --add-opens=java.base/java.lang.reflect=ALL-UNNAMED, --add-opens=java.base/java.net=ALL-UNNAMED, --add-opens=java.base/java.nio=ALL-UNNAMED, --add-opens=java.base/java.nio.charset=ALL-UNNAMED, --add-opens=java.base/java.text=ALL-UNNAMED, --add-opens=java.base/java.time=ALL-UNNAMED, --add-opens=java.base/java.util=ALL-UNNAMED, --add-opens=java.base/java.util.concurrent=ALL-UNNAMED, --add-opens=java.base/java.util.concurrent.atomic=ALL-UNNAMED, --add-opens=java.base/jdk.internal.vm=ALL-UNNAMED, --add-opens=java.base/sun.nio.ch=ALL-UNNAMED, --add-opens=java.base/sun.security.ssl=ALL-UNNAMED, --add-opens=java.base/sun.security.util=ALL-UNNAMED, --add-opens=java.desktop/com.sun.java.swing.plaf.gtk=ALL-UNNAMED, --add-opens=java.desktop/java.awt=ALL-UNNAMED, --add-opens=java.desktop/java.awt.dnd.peer=ALL-UNNAMED, --add-opens=java.desktop/java.awt.event=ALL-UNNAMED, --add-opens=java.desktop/java.awt.image=ALL-UNNAMED, --add-opens=java.desktop/java.awt.peer=ALL-UNNAMED, --add-opens=java.desktop/javax.swing=ALL-UNNAMED, --add-opens=java.desktop/javax.swing.plaf.basic=ALL-UNNAMED, --add-opens=java.desktop/javax.swing.text.html=ALL-UNNAMED, --add-opens=java.desktop/sun.awt.X11=ALL-UNNAMED, --add-opens=java.desktop/sun.awt.datatransfer=ALL-UNNAMED, --add-opens=java.desktop/sun.awt.image=ALL-UNNAMED, --add-opens=java.desktop/sun.awt=ALL-UNNAMED, --add-opens=java.desktop/sun.font=ALL-UNNAMED, --add-opens=java.desktop/sun.java2d=ALL-UNNAMED, --add-opens=java.desktop/sun.swing=ALL-UNNAMED, --add-opens=jdk.attach/sun.tools.attach=ALL-UNNAMED, --add-opens=jdk.compiler/com.sun.tools.javac.api=ALL-UNNAMED, --add-opens=jdk.internal.jvmstat/sun.jvmstat.monitor=ALL-UNNAMED, --add-opens=jdk.jdi/com.sun.tools.jdi=ALL-UNNAMED]
2023-10-30 20:40:46,880 [    445]   INFO - #c.i.i.StartupUtil - args: []
2023-10-30 20:40:46,881 [    446]   INFO - #c.i.i.StartupUtil - library path: /usr/java/packages/lib:/usr/lib64:/lib64:/lib:/usr/lib
2023-10-30 20:40:46,882 [    447]   INFO - #c.i.i.StartupUtil - boot library path: /home/kadosh/Загрузки/pycharm-edu-2022.2.2/jbr/lib
2023-10-30 20:40:46,907 [    472]   INFO - #c.i.i.StartupUtil - locale=ru_RU JNU=UTF-8 file.encoding=UTF-8
  idea.config.path=/home/kadosh/.config/JetBrains/PyCharmEdu2022.2
  idea.system.path=/home/kadosh/.cache/JetBrains/PyCharmEdu2022.2
  idea.plugins.path=/home/kadosh/.local/share/JetBrains/PyCharmEdu2022.2
  idea.log.path=/home/kadosh/.cache/JetBrains/PyCharmEdu2022.2/log
2023-10-30 20:40:46,915 [    480]   INFO - #c.i.i.StartupUtil - CPU cores: 4; ForkJoinPool.commonPool: java.util.concurrent.ForkJoinPool@26f1d756[Running, parallelism = 3, size = 3, active = 1, running = 1, steals = 4, tasks = 0, submissions = 0]; factory: com.intellij.concurrency.IdeaForkJoinWorkerThreadFactory@7582bd22
2023-10-30 20:40:53,107 [   6672]   INFO - #c.i.i.StartupUtil - Importing configs to /home/kadosh/.config/JetBrains/PyCharmEdu2022.2
2023-10-30 20:40:53,120 [   6685]   INFO - #c.i.i.StartupUtil - No configs imported, starting with clean configs at /home/kadosh/.config/JetBrains/PyCharmEdu2022.2
2023-10-30 20:40:53,143 [   6708]   INFO - #c.i.i.p.PluginManager - Using broken plugins file from IDE distribution
2023-10-30 20:40:53,485 [   7050]   INFO - #c.i.i.p.PluginManager - Module intellij.grazie.java is not enabled because dependency com.intellij.java is not available
Module sql-core is not enabled because dependency com.intellij.database is not available
Module Edu-Php is not enabled because dependency com.jetbrains.php is not available
Module Edu-Go is not enabled because dependency org.jetbrains.plugins.go is not available
Module Edu-Cpp is not enabled because dependency com.intellij.clion is not available
Module Edu-Rust is not enabled because dependency org.rust.lang is not available
Module Edu-JavaScript is not enabled because dependency JavaScript is not available
Module Edu-Python-Pro is not enabled because dependency Pythonid is not available
Module jvm-core is not enabled because dependency com.intellij.modules.java is not available
Module sql-jvm is not enabled because dependency sql-core is not available
Module Edu-Android is not enabled because dependency jvm-core is not available
Module Edu-Scala is not enabled because dependency jvm-core is not available
Module Edu-Kotlin is not enabled because dependency jvm-core is not available
Module Edu-Sql-Kotlin is not enabled because dependency sql-core is not available
Module Edu-Java is not enabled because dependency jvm-core is not available
Module Edu-Sql-Java is not enabled because dependency sql-core is not available
2023-10-30 20:40:53,501 [   7066]   INFO - #c.i.i.p.PluginManager - Loaded bundled plugins: Python Community Edition (222.4345.35), Twilight Color Scheme (222.4345.35), ReStructuredText (222.4345.35), IntelliLang (222.4345.35), Git (222.4345.35), WarmNeon Color Scheme (222.4345.35), IDE Features Trainer: Git Lessons (222.4345.35), Settings Repository (222.4345.35), Code With Me (222.4345.35), EduTools (2022.10-2022.2-1334), Emoji Picker (222.4345.35), Task Management (222.4345.35), Github Color Scheme (222.4345.35), Markdown (222.4345.35), Terminal (222.4345.35), Properties (222.4345.35), Shared Indexes (222.4345.35), Machine Learning Code Completion (222.4345.35), EditorConfig (222.4345.35), JetBrains Marketplace Licensing Support (222.4345.35), TextMate Bundles (222.4345.35), Projector Libraries for Code With Me and Remote Development (222.4345.35), Grazie (222.4345.35), Images (222.4345.35), Shell Script (222.4345.35), com.intellij.dev (222.4345.35), Mercurial (222.4345.35), Machine Learning in Search Everywhere (222.4345.35), Shared Indexes for Python (222.4345.35), GitHub (222.4345.35), PyCharm Educational Customization (222.4345.35), Configuration Script (222.4345.35), YAML (222.4345.35), Subversion (222.4345.35), Copyright (222.4345.35), Shared Indexes for Python Packages (222.4345.35), Monokai Color Scheme (222.4345.35), IDEA CORE (222.4345.35), Toml (222.4345.35), IDE Features Trainer (222.4345.35)
2023-10-30 20:40:53,852 [   7417]   INFO - #o.j.i.BuiltInServerManager - built-in server started, port 63342
2023-10-30 20:40:53,946 [   7511]   INFO - #c.i.a.o.PathMacrosImpl - Loaded path macros: {}
2023-10-30 20:40:53,978 [   7543]   INFO - #c.i.u.i.FilePageCache - lower=100; upper=500; buffer=10; max=730
2023-10-30 20:40:54,222 [   7787]   INFO - #c.i.o.v.n.p.PersistentFSConnector - 30 ms to load free records and inverted name index
2023-10-30 20:40:54,267 [   7832]   INFO - #c.i.h.u.LocalHistoryLog - local history version mismatch (was: 0, expected: 6), rebuilding...
2023-10-30 20:40:54,267 [   7832]   INFO - #c.i.h.u.LocalHistoryLog - FS has been rebuild, rebuilding local history...
2023-10-30 20:40:54,598 [   8163]   INFO - #c.i.u.n.s.CertificateManager - Default SSL context initialized
2023-10-30 20:40:54,855 [   8420] SEVERE - #c.i.o.a.i.ActionManagerImpl - Assertion failed: assert !app.isDispatchThread()
java.lang.Throwable: Assertion failed: assert !app.isDispatchThread()
	at com.intellij.openapi.diagnostic.Logger.assertTrue(Logger.java:220)
	at com.intellij.openapi.actionSystem.impl.ActionManagerImpl.<init>(ActionManagerImpl.java:135)
	at com.jetbrains.rdserver.ui.actionPopupMenu.BackendActionManager.<init>(BackendActionManager.kt:17)
	at java.base/jdk.internal.reflect.NativeConstructorAccessorImpl.newInstance0(Native Method)
	at java.base/jdk.internal.reflect.NativeConstructorAccessorImpl.newInstance(NativeConstructorAccessorImpl.java:77)
	at java.base/jdk.internal.reflect.DelegatingConstructorAccessorImpl.newInstance(DelegatingConstructorAccessorImpl.java:45)
	at java.base/java.lang.reflect.Constructor.newInstanceWithCaller(Constructor.java:499)
	at java.base/java.lang.reflect.Constructor.newInstance(Constructor.java:480)
	at com.intellij.serviceContainer.ConstructorInjectionKt.instantiateUsingPicoContainer(constructorInjection.kt:47)
	at com.intellij.serviceContainer.ComponentManagerImpl.instantiateClassWithConstructorInjection(ComponentManagerImpl.kt:890)
	at com.intellij.serviceContainer.ServiceComponentAdapter.createAndInitialize(ServiceComponentAdapter.kt:51)
	at com.intellij.serviceContainer.ServiceComponentAdapter.doCreateInstance(ServiceComponentAdapter.kt:41)
	at com.intellij.serviceContainer.BaseComponentAdapter.getInstanceUncached(BaseComponentAdapter.kt:119)
	at com.intellij.serviceContainer.BaseComponentAdapter.getInstance(BaseComponentAdapter.kt:73)
	at com.intellij.serviceContainer.BaseComponentAdapter.getInstance$default(BaseComponentAdapter.kt:66)
	at com.intellij.serviceContainer.ComponentManagerImpl.doGetService(ComponentManagerImpl.kt:609)
	at com.intellij.serviceContainer.ComponentManagerImpl.getService(ComponentManagerImpl.kt:583)
	at com.intellij.openapi.client.ClientAwareComponentManager.getFromSelfOrCurrentSession(ClientAwareComponentManager.kt:37)
	at com.intellij.openapi.client.ClientAwareComponentManager.getService(ClientAwareComponentManager.kt:22)
	at com.intellij.openapi.actionSystem.ActionManager.getInstance(ActionManager.java:29)
	at com.intellij.ide.ui.customization.CustomActionsSchema.fillActionGroups(CustomActionsSchema.java:341)
	at com.jetbrains.python.edu.PyCharmEduPluginConfigurator.lambda$patchMainMenu$2(PyCharmEduPluginConfigurator.java:220)
	at com.intellij.openapi.application.TransactionGuardImpl.runWithWritingAllowed(TransactionGuardImpl.java:209)
	at com.intellij.openapi.application.TransactionGuardImpl.access$100(TransactionGuardImpl.java:21)
	at com.intellij.openapi.application.TransactionGuardImpl$1.run(TransactionGuardImpl.java:191)
	at com.intellij.openapi.application.impl.ApplicationImpl.runIntendedWriteActionOnCurrentThread(ApplicationImpl.java:881)
	at com.intellij.openapi.application.impl.ApplicationImpl$3.run(ApplicationImpl.java:513)
	at com.intellij.openapi.application.impl.FlushQueue.doRun(FlushQueue.java:75)
	at com.intellij.openapi.application.impl.FlushQueue.runNextEvent(FlushQueue.java:118)
	at com.intellij.openapi.application.impl.FlushQueue.flushNow(FlushQueue.java:42)
	at java.desktop/java.awt.event.InvocationEvent.dispatch(InvocationEvent.java:318)
	at java.desktop/java.awt.EventQueue.dispatchEventImpl(EventQueue.java:779)
	at java.desktop/java.awt.EventQueue$4.run(EventQueue.java:730)
	at java.desktop/java.awt.EventQueue$4.run(EventQueue.java:724)
	at java.base/java.security.AccessController.doPrivileged(AccessController.java:399)
	at java.base/java.security.ProtectionDomain$JavaSecurityAccessImpl.doIntersectionPrivilege(ProtectionDomain.java:86)
	at java.desktop/java.awt.EventQueue.dispatchEvent(EventQueue.java:749)
	at com.intellij.ide.IdeEventQueue.defaultDispatchEvent(IdeEventQueue.java:918)
	at com.intellij.ide.IdeEventQueue._dispatchEvent(IdeEventQueue.java:766)
	at com.intellij.ide.IdeEventQueue.lambda$dispatchEvent$6(IdeEventQueue.java:450)
	at com.intellij.openapi.progress.impl.CoreProgressManager.computePrioritized(CoreProgressManager.java:791)
	at com.intellij.ide.IdeEventQueue.lambda$dispatchEvent$7(IdeEventQueue.java:449)
	at com.intellij.openapi.application.TransactionGuardImpl.performActivity(TransactionGuardImpl.java:105)
	at com.intellij.ide.IdeEventQueue.performActivity(IdeEventQueue.java:624)
	at com.intellij.ide.IdeEventQueue.lambda$dispatchEvent$8(IdeEventQueue.java:447)
	at com.intellij.openapi.application.impl.ApplicationImpl.runIntendedWriteActionOnCurrentThread(ApplicationImpl.java:881)
	at com.intellij.ide.IdeEventQueue.dispatchEvent(IdeEventQueue.java:493)
	at java.desktop/java.awt.EventDispatchThread.pumpOneEventForFilters(EventDispatchThread.java:207)
	at java.desktop/java.awt.EventDispatchThread.pumpEventsForFilter(EventDispatchThread.java:128)
	at java.desktop/java.awt.EventDispatchThread.pumpEventsForHierarchy(EventDispatchThread.java:117)
	at java.desktop/java.awt.EventDispatchThread.pumpEvents(EventDispatchThread.java:113)
	at java.desktop/java.awt.EventDispatchThread.pumpEvents(EventDispatchThread.java:105)
	at java.desktop/java.awt.EventDispatchThread.run(EventDispatchThread.java:92)
2023-10-30 20:40:54,873 [   8438] SEVERE - #c.i.o.a.i.ActionManagerImpl - PyCharm 2022.2.2  Build #PE-222.4345.35
2023-10-30 20:40:54,875 [   8440]   INFO - #c.i.i.s.p.i.SharedIndexMainZipStorage - Shared Indexes Storage is opened and empty
2023-10-30 20:40:54,875 [   8440] SEVERE - #c.i.o.a.i.ActionManagerImpl - JDK: 17.0.4.1; VM: OpenJDK 64-Bit Server VM; Vendor: JetBrains s.r.o.
2023-10-30 20:40:54,877 [   8442] SEVERE - #c.i.o.a.i.ActionManagerImpl - OS: Linux
2023-10-30 20:40:55,094 [   8659]   WARN - #c.i.o.a.i.ActionManagerImpl - keymap "Visual Studio" not found PluginDescriptor(name=IDEA CORE, id=com.intellij, descriptorPath=plugin.xml, path=~/Загрузки/pycharm-edu-2022.2.2/lib, version=222.4345.35, package=com.intellij.feedback, isBundled=true)
2023-10-30 20:40:55,102 [   8667]   WARN - #c.i.o.a.i.ActionManagerImpl - keymap "Eclipse" not found PluginDescriptor(name=IDEA CORE, id=com.intellij, descriptorPath=plugin.xml, path=~/Загрузки/pycharm-edu-2022.2.2/lib, version=222.4345.35, package=com.intellij.feedback, isBundled=true)
2023-10-30 20:40:55,103 [   8668]   WARN - #c.i.o.a.i.ActionManagerImpl - keymap "NetBeans 6.5" not found PluginDescriptor(name=IDEA CORE, id=com.intellij, descriptorPath=plugin.xml, path=~/Загрузки/pycharm-edu-2022.2.2/lib, version=222.4345.35, package=com.intellij.feedback, isBundled=true)
2023-10-30 20:40:55,104 [   8669]   WARN - #c.i.o.a.i.ActionManagerImpl - keymap "Visual Studio" not found PluginDescriptor(name=IDEA CORE, id=com.intellij, descriptorPath=plugin.xml, path=~/Загрузки/pycharm-edu-2022.2.2/lib, version=222.4345.35, package=com.intellij.feedback, isBundled=true)
2023-10-30 20:40:55,166 [   8731]   WARN - #c.i.o.a.i.ActionManagerImpl - keymap "Eclipse" not found PluginDescriptor(name=GitHub, id=org.jetbrains.plugins.github, descriptorPath=plugin.xml, path=~/Загрузки/pycharm-edu-2022.2.2/plugins/github, version=222.4345.35, package=org.jetbrains.plugins.github, isBundled=true)
2023-10-30 20:40:55,172 [   8737]   WARN - #c.i.o.a.i.ActionManagerImpl - keymap "Eclipse" not found PluginDescriptor(name=Python Community Edition, id=PythonCore, descriptorPath=plugin.xml, path=~/Загрузки/pycharm-edu-2022.2.2/plugins/python-ce, version=222.4345.35, package=null, isBundled=true)
2023-10-30 20:40:55,173 [   8738]   WARN - #c.i.o.a.i.ActionManagerImpl - keymap "NetBeans 6.5" not found PluginDescriptor(name=Python Community Edition, id=PythonCore, descriptorPath=plugin.xml, path=~/Загрузки/pycharm-edu-2022.2.2/plugins/python-ce, version=222.4345.35, package=null, isBundled=true)
2023-10-30 20:40:55,233 [   8798]   INFO - #c.i.o.a.Experiments - Experimental features enabled for user: wsl.p9.support, wsl.prefer.p9.support, wsl.p9.show.roots.in.file.chooser, wsl.execute.with.wsl.exe, linux.native.menu, recent.and.edited.files.together, show.create.new.element.in.popup, search.everywhere.mixed.results, new.project.wizard, editor.reader.mode, new.large.text.file.viewer, terminal.shell.command.handling, edu.course.hyperskill.problems.by.topic
2023-10-30 20:40:55,245 [   8810]   INFO - #c.i.o.w.i.GlobalMenuLinux - Start glib main loop in thread: GlobalMenuLinux loop
2023-10-30 20:40:55,261 [   8826]   INFO - #c.i.o.w.i.GlobalMenuLinux - Closed dbus-service 'com.canonical.AppMenu.Registrar'
2023-10-30 20:40:55,930 [   9495]   INFO - #c.i.o.f.i.FileTypeManagerImpl - File types changed: ignored files list updated: *.pyc;*.pyo;*.rbc;*.yarb;*~;.DS_Store;.git;.hg;.svn;CVS;__pycache__;_svn;vssver.scc;vssver2.scc;*$py.class. Caused by plugin 'com.jetbrains.pycharm.edu.customization'.
2023-10-30 20:40:56,174 [   9739]   INFO - #c.i.u.i.FileBasedIndexImpl - Indices to be built:IdIndex(v = 4118),json.file.root.values(v = 5),filetypes(v = 258),RelaxSymbolIndex(v = 0),xmlProperties(v = 2),fileIncludes(v = 6),yaml.keys.name(v = 1),Py.module.name(v = 0),Py.setuptools.namespace(v = 0),XmlNamespaces(v = 8),FilenameIndex(v = 258),Stubs(v = 46),Trigram.Index(v = 4099),html5.custom.attributes.index(v = 1),SchemaTypeInheritance(v = 2),DomFileIndex(v = 0),FrameworkDetectionIndex(v = 65536),XmlTagNames(v = 1),TodoIndex(v = 4109),editorconfig.index.name(v = 5)
2023-10-30 20:40:56,183 [   9748]   INFO - c.i.u.i.FileBasedIndexDataInitialization - Index data initialization done: 1498 ms. Initialized indexes: [FilenameIndex, FrameworkDetectionIndex, TodoIndex, IdIndex, filetypes, Stubs, Trigram.Index, fileIncludes, DomFileIndex, RelaxSymbolIndex, XmlTagNames, XmlNamespaces, html5.custom.attributes.index, SchemaTypeInheritance, json.file.root.values, editorconfig.index.name, xmlProperties, yaml.keys.name, Py.module.name, Py.setuptools.namespace].
2023-10-30 20:40:56,265 [   9830]   INFO - #c.i.p.s.StubIndexImpl - Following stub indices will be built:Py.class.shortName(v = 2),dom.namespaceKey(v = 1),dom.elementClass(v = 0),Py.class.attributes(v = 2),markdown.header(v = 2),Py.variable.shortName(v = 3),Py.module.attribute(v = 2),properties.index(v = 2),Py.function.shortName(v = 2),Py.class.super(v = 2),Py.class.shortNameInsensitive(v = 2),Python.Decorator(v = 2)
2023-10-30 20:40:56,266 [   9831]   INFO - c.i.p.s.StubIndexImpl$StubIndexInitialization - Index data initialization done: 82 ms. Initialized stub indexes: {Py.class.attributes, Py.variable.shortName, dom.namespaceKey, Python.Decorator, markdown.header, Py.function.shortName, properties.index, Py.class.shortNameInsensitive, Py.module.attribute, Py.class.shortName, Py.class.super, dom.elementClass}.
2023-10-30 20:41:00,737 [  14302]   INFO - #c.j.e.l.s.h.m.HyperskillMetricsScheduler - No data to send (HyperskillTimeSpentEventsHandler)
2023-10-30 20:41:00,739 [  14304]   INFO - #c.j.e.l.s.h.m.HyperskillMetricsScheduler - No data to send (HyperskillFrontendEventsHandler)
2023-10-30 20:41:00,748 [  14313]   INFO - #c.i.i.ApplicationLoader - Input method disabler: not gtk desktop: 'cinnamon' | 'x-cinnamon'
2023-10-30 20:41:00,753 [  14318]   INFO - #c.i.o.u.i.UpdateCheckerService - channel: release
2023-10-30 20:41:00,830 [  14395]   INFO - #c.i.i.StartupUtil - notify that start-up thread is free
2023-10-30 20:41:03,006 [  16571]   INFO - #c.i.i.s.DeviceIdManager - Generating new Device ID for 'MarketplaceDownloads'
2023-10-30 20:41:04,805 [  18370]   INFO - #c.i.i.s.e.u.EventLogExternalUploader - Started external process for uploading event log
2023-10-30 20:41:05,036 [  18601]   INFO - #c.i.a.o.PathMacrosImpl - Saved path macros: {}
2023-10-30 20:41:05,101 [  18666]   INFO - #c.i.c.ComponentStoreImpl - Saving appCodeInsightSettings took 30 ms, DaemonCodeAnalyzerSettings took 27 ms, FeatureUsageStatistics took 31 ms, FileTypeManager took 12 ms, PluginAdvertiserExtensions took 30 ms, com.intellij.ide.ui.customization.CustomActionsSchema took 14 ms
2023-10-30 20:41:05,244 [  18809]   INFO - #o.j.i.BuiltInServer - web server stopped
2023-10-30 20:41:05,266 [  18831]   INFO - #c.i.o.f.i.FileTypeDetectionService - 0 auto-detected files. Detection took 0 ms
2023-10-30 20:41:05,274 [  18839]   INFO - #c.i.u.i.FileBasedIndexImpl - START INDEX SHUTDOWN
2023-10-30 20:41:05,324 [  18889]   INFO - #c.i.p.s.StubIndexImpl - StubIndexExtension-s were unloaded
2023-10-30 20:41:05,325 [  18890]   INFO - #c.i.p.s.SerializationManagerImpl - Start shutting down /home/kadosh/.cache/JetBrains/PyCharmEdu2022.2/index/rep.names
2023-10-30 20:41:05,328 [  18893]   INFO - #c.i.p.s.SerializationManagerImpl - Finished shutting down /home/kadosh/.cache/JetBrains/PyCharmEdu2022.2/index/rep.names
2023-10-30 20:41:05,400 [  18965]   INFO - #c.i.u.i.FileBasedIndexImpl - END INDEX SHUTDOWN
2023-10-30 20:41:06,017 [  19582]   INFO - #c.i.o.v.n.p.PersistentFSImpl - VFS dispose started
2023-10-30 20:41:06,021 [  19586]   INFO - #c.i.o.v.n.p.PersistentFSImpl - VFS dispose completed
